# JRE version: OpenJDK Runtime Environment (8.0_252-b09) (build 1.8.0_252-b09)
# Java VM: OpenJDK 64-Bit Server VM (25.252-b09 mixed mode linux-amd64 compressed oops)
Heap:
 def new generation   total 14208K, used 13612K [0x00000000c0000000, 0x00000000c0f60000, 0x00000000d5550000)
  eden space 12672K,  97% used [0x00000000c0000000, 0x00000000c0c057f0, 0x00000000c0c60000)
  from space 1536K,  84% used [0x00000000c0c60000, 0x00000000c0da58e8, 0x00000000c0de0000)
  to   space 1536K,   0% used [0x00000000c0de0000, 0x00000000c0de0000, 0x00000000c0f60000)
 tenured generation   total 31284K, used 27223K [0x00000000d5550000, 0x00000000d73dd000, 0x0000000100000000)
   the space 31284K,  87% used [0x00000000d5550000, 0x00000000d6fe5f08, 0x00000000d6fe6000, 0x00000000d73dd000)
 Metaspace       used 44872K, capacity 45714K, committed 45952K, reserved 1089536K
  class space    used 5891K, capacity 6152K, committed 6272K, reserved 1048576K
Heap after GC invocations=1 (full 0):
 def new generation   total 4928K, used 511K [0x00000000c0000000, 0x00000000c0550000, 0x00000000d5550000)
  eden space 4416K,   0% used [0x00000000c0000000, 0x00000000c0000000, 0x00000000c0450000)
  from space 512K,  99% used [0x00000000c04d0000, 0x00000000c054fff8, 0x00000000c0550000)
  to   space 512K,   0% used [0x00000000c0450000, 0x00000000c0450000, 0x00000000c04d0000)
 tenured generation   total 10944K, used 108K [0x00000000d5550000, 0x00000000d6000000, 0x0000000100000000)
   the space 10944K,   0% used [0x00000000d5550000, 0x00000000d556b100, 0x00000000d556b200, 0x00000000d6000000)
 Metaspace       used 3690K, capacity 4664K, committed 4864K, reserved 1056768K
  class space    used 354K, capacity 424K, committed 512K, reserved 1048576K
Heap after GC invocations=2 (full 0):
 def new generation   total 4928K, used 512K [0x00000000c0000000, 0x00000000c0550000, 0x00000000d5550000)
  eden space 4416K,   0% used [0x00000000c0000000, 0x00000000c0000000, 0x00000000c0450000)
  from space 512K, 100% used [0x00000000c0450000, 0x00000000c04d0000, 0x00000000c04d0000)
  to   space 512K,   0% used [0x00000000c04d0000, 0x00000000c04d0000, 0x00000000c0550000)
 tenured generation   total 10944K, used 664K [0x00000000d5550000, 0x00000000d6000000, 0x0000000100000000)
   the space 10944K,   6% used [0x00000000d5550000, 0x00000000d55f6388, 0x00000000d55f6400, 0x00000000d6000000)
 Metaspace       used 4213K, capacity 5008K, committed 5120K, reserved 1056768K
  class space    used 433K, capacity 496K, committed 512K, reserved 1048576K
Heap after GC invocations=3 (full 0):
 def new generation   total 4928K, used 512K [0x00000000c0000000, 0x00000000c0550000, 0x00000000d5550000)
  eden space 4416K,   0% used [0x00000000c0000000, 0x00000000c0000000, 0x00000000c0450000)
  from space 512K, 100% used [0x00000000c04d0000, 0x00000000c0550000, 0x00000000c0550000)
  to   space 512K,   0% used [0x00000000c0450000, 0x00000000c0450000, 0x00000000c04d0000)
 tenured generation   total 10944K, used 1217K [0x00000000d5550000, 0x00000000d6000000, 0x0000000100000000)
   the space 10944K,  11% used [0x00000000d5550000, 0x00000000d56805d8, 0x00000000d5680600, 0x00000000d6000000)
 Metaspace       used 6011K, capacity 6184K, committed 6400K, reserved 1056768K
  class space    used 663K, capacity 748K, committed 768K, reserved 1048576K
Heap after GC invocations=4 (full 0):
 def new generation   total 4928K, used 512K [0x00000000c0000000, 0x00000000c0550000, 0x00000000d5550000)
  eden space 4416K,   0% used [0x00000000c0000000, 0x00000000c0000000, 0x00000000c0450000)
  from space 512K, 100% used [0x00000000c0450000, 0x00000000c04d0000, 0x00000000c04d0000)
  to   space 512K,   0% used [0x00000000c04d0000, 0x00000000c04d0000, 0x00000000c0550000)
 tenured generation   total 10944K, used 1746K [0x00000000d5550000, 0x00000000d6000000, 0x0000000100000000)
   the space 10944K,  15% used [0x00000000d5550000, 0x00000000d5704b90, 0x00000000d5704c00, 0x00000000d6000000)
 Metaspace       used 6285K, capacity 6472K, committed 6784K, reserved 1056768K
  class space    used 712K, capacity 780K, committed 896K, reserved 1048576K
Heap after GC invocations=5 (full 0):
 def new generation   total 4928K, used 511K [0x00000000c0000000, 0x00000000c0550000, 0x00000000d5550000)
  eden space 4416K,   0% used [0x00000000c0000000, 0x00000000c0000000, 0x00000000c0450000)
  from space 512K,  99% used [0x00000000c04d0000, 0x00000000c054fff8, 0x00000000c0550000)
  to   space 512K,   0% used [0x00000000c0450000, 0x00000000c0450000, 0x00000000c04d0000)
 tenured generation   total 10944K, used 2255K [0x00000000d5550000, 0x00000000d6000000, 0x0000000100000000)
   the space 10944K,  20% used [0x00000000d5550000, 0x00000000d5783e70, 0x00000000d5784000, 0x00000000d6000000)
 Metaspace       used 6978K, capacity 7112K, committed 7296K, reserved 1056768K
  class space    used 805K, capacity 844K, committed 896K, reserved 1048576K
Heap after GC invocations=6 (full 0):
 def new generation   total 4928K, used 222K [0x00000000c0000000, 0x00000000c0550000, 0x00000000d5550000)
  eden space 4416K,   0% used [0x00000000c0000000, 0x00000000c0000000, 0x00000000c0450000)
  from space 512K,  43% used [0x00000000c0450000, 0x00000000c04879d8, 0x00000000c04d0000)
  to   space 512K,   0% used [0x00000000c04d0000, 0x00000000c04d0000, 0x00000000c0550000)
 tenured generation   total 10944K, used 2459K [0x00000000d5550000, 0x00000000d6000000, 0x0000000100000000)
   the space 10944K,  22% used [0x00000000d5550000, 0x00000000d57b6d68, 0x00000000d57b6e00, 0x00000000d6000000)
 Metaspace       used 7104K, capacity 7208K, committed 7296K, reserved 1056768K
  class space    used 814K, capacity 876K, committed 896K, reserved 1048576K
Heap after GC invocations=7 (full 0):
 def new generation   total 4928K, used 292K [0x00000000c0000000, 0x00000000c0550000, 0x00000000d5550000)
  eden space 4416K,   0% used [0x00000000c0000000, 0x00000000c0000000, 0x00000000c0450000)
  from space 512K,  57% used [0x00000000c04d0000, 0x00000000c05192a8, 0x00000000c0550000)
  to   space 512K,   0% used [0x00000000c0450000, 0x00000000c0450000, 0x00000000c04d0000)
 tenured generation   total 10944K, used 2459K [0x00000000d5550000, 0x00000000d6000000, 0x0000000100000000)
   the space 10944K,  22% used [0x00000000d5550000, 0x00000000d57b6d68, 0x00000000d57b6e00, 0x00000000d6000000)
 Metaspace       used 7108K, capacity 7208K, committed 7296K, reserved 1056768K
  class space    used 814K, capacity 876K, committed 896K, reserved 1048576K
Heap after GC invocations=8 (full 0):
 def new generation   total 4928K, used 120K [0x00000000c0000000, 0x00000000c0550000, 0x00000000d5550000)
  eden space 4416K,   0% used [0x00000000c0000000, 0x00000000c0000000, 0x00000000c0450000)
  from space 512K,  23% used [0x00000000c0450000, 0x00000000c046e088, 0x00000000c04d0000)
  to   space 512K,   0% used [0x00000000c04d0000, 0x00000000c04d0000, 0x00000000c0550000)
 tenured generation   total 10944K, used 2555K [0x00000000d5550000, 0x00000000d6000000, 0x0000000100000000)
   the space 10944K,  23% used [0x00000000d5550000, 0x00000000d57cede8, 0x00000000d57cee00, 0x00000000d6000000)
 Metaspace       used 7118K, capacity 7272K, committed 7296K, reserved 1056768K
  class space    used 814K, capacity 876K, committed 896K, reserved 1048576K
Heap after GC invocations=9 (full 0):
 def new generation   total 4928K, used 512K [0x00000000c0000000, 0x00000000c0550000, 0x00000000d5550000)
  eden space 4416K,   0% used [0x00000000c0000000, 0x00000000c0000000, 0x00000000c0450000)
  from space 512K, 100% used [0x00000000c04d0000, 0x00000000c0550000, 0x00000000c0550000)
  to   space 512K,   0% used [0x00000000c0450000, 0x00000000c0450000, 0x00000000c04d0000)
 tenured generation   total 10944K, used 2631K [0x00000000d5550000, 0x00000000d6000000, 0x0000000100000000)
   the space 10944K,  24% used [0x00000000d5550000, 0x00000000d57e1e40, 0x00000000d57e2000, 0x00000000d6000000)
 Metaspace       used 7145K, capacity 7272K, committed 7296K, reserved 1056768K
  class space    used 814K, capacity 876K, committed 896K, reserved 1048576K
